#
# There is insufficient memory for the Java Runtime Environment to continue.
# Native memory allocation (malloc) failed to allocate 1431699456 bytes for committing reserved memory.
# Possible reasons:
#   The system is out of physical RAM or swap space
#   In 32 bit mode, the process size limit was hit
# Possible solutions:
#   Reduce memory load on the system
#   Increase physical memory or swap space
#   Check if swap backing store is full
#   Use 64 bit Java on a 64 bit OS
#   Decrease Java heap size (-Xmx/-Xms)
#   Decrease number of Java threads
#   Decrease Java thread stack sizes (-Xss)
#   Set larger code cache with -XX:ReservedCodeCacheSize=
# This output file may be truncated or incomplete.
#
#  Out of Memory Error (os_linux.cpp:2827), pid=7647, tid=47097619273472
#
# JRE version:  (7.0_95) (build )
# Java VM: OpenJDK 64-Bit Server VM (24.95-b01 mixed mode linux-amd64 compressed oops)
# Derivative: IcedTea 2.6.4
# Distribution: Ubuntu 14.04.3 LTS, package 7u95-2.6.4-0ubuntu0.14.04.1
# Failed to write core dump. Core dumps have been disabled. To enable core dumping, try "ulimit -c unlimited" before starting Java again
#

---------------  T H R E A D  ---------------

Current thread (0x00002ad5c800a000):  JavaThread "Unknown thread" [_thread_in_vm, id=7658, stack(0x00002ad5c4cdd000,0x00002ad5c4dde000)]

Stack: [0x00002ad5c4cdd000,0x00002ad5c4dde000],  sp=0x00002ad5c4ddc4c0,  free space=1021k
Native frames: (J=compiled Java code, j=interpreted, Vv=VM code, C=native code)
V  [libjvm.so+0x9550e5]
V  [libjvm.so+0x4902b4]
V  [libjvm.so+0x7cf7bb]
V  [libjvm.so+0x7ca28f]
V  [libjvm.so+0x951fd4]
V  [libjvm.so+0x5682bb]
V  [libjvm.so+0x900983]
V  [libjvm.so+0x568d97]
V  [libjvm.so+0x55b022]
V  [libjvm.so+0x925997]
V  [libjvm.so+0x925cc7]
V  [libjvm.so+0x5a3135]
V  [libjvm.so+0x90b6af]
V  [libjvm.so+0x60ee54]  JNI_CreateJavaVM+0x54
C  [libjli.so+0x2b48]


---------------  P R O C E S S  ---------------

Java Threads: ( => current thread )

Other Threads:

=>0x00002ad5c800a000 (exited) JavaThread "Unknown thread" [_thread_in_vm, id=7658, stack(0x00002ad5c4cdd000,0x00002ad5c4dde000)]

VM state:not at safepoint (not fully initialized)

VM Mutex/Monitor currently owned by a thread: None

GC Heap History (0 events):
No events

Deoptimization events (0 events):
No events

Internal exceptions (0 events):
No events

Events (0 events):
No events


Dynamic libraries:
00400000-00401000 r-xp 00000000 08:01 430949                             /usr/lib/jvm/java-7-openjdk-amd64/jre/bin/java
00600000-00601000 r--p 00000000 08:01 430949                             /usr/lib/jvm/java-7-openjdk-amd64/jre/bin/java
00601000-00602000 rw-p 00001000 08:01 430949                             /usr/lib/jvm/java-7-openjdk-amd64/jre/bin/java
01357000-01378000 rw-p 00000000 00:00 0                                  [heap]
760000000-78aaa0000 rw-p 00000000 00:00 0 
7e0000000-800000000 rw-p 00000000 00:00 0 
2ad5c4c9f000-2ad5c4cc2000 r-xp 00000000 08:01 138461                     /lib/x86_64-linux-gnu/ld-2.19.so
2ad5c4cc2000-2ad5c4cc4000 rw-p 00000000 00:00 0 
2ad5c4cc4000-2ad5c4cc5000 r--p 00000000 00:00 0 
2ad5c4cc5000-2ad5c4cc6000 rw-p 00000000 00:00 0 
2ad5c4cc6000-2ad5c4cce000 rw-s 00000000 08:01 57141                      /tmp/hsperfdata_skyrius/7647
2ad5c4cce000-2ad5c4cd0000 rw-p 00000000 00:00 0 
2ad5c4cd8000-2ad5c4cdd000 rw-p 00000000 00:00 0 
2ad5c4cdd000-2ad5c4ce0000 ---p 00000000 00:00 0 
2ad5c4ce0000-2ad5c4dde000 rw-p 00000000 00:00 0                          [stack:7658]
2ad5c4ec1000-2ad5c4ec2000 r--p 00022000 08:01 138461                     /lib/x86_64-linux-gnu/ld-2.19.so
2ad5c4ec2000-2ad5c4ec3000 rw-p 00023000 08:01 138461                     /lib/x86_64-linux-gnu/ld-2.19.so
2ad5c4ec3000-2ad5c4ec4000 rw-p 00000000 00:00 0 
2ad5c4ec4000-2ad5c4ed1000 r-xp 00000000 08:01 431003                     /usr/lib/jvm/java-7-openjdk-amd64/jre/lib/amd64/jli/libjli.so
2ad5c4ed1000-2ad5c50d0000 ---p 0000d000 08:01 431003                     /usr/lib/jvm/java-7-openjdk-amd64/jre/lib/amd64/jli/libjli.so
2ad5c50d0000-2ad5c50d1000 r--p 0000c000 08:01 431003                     /usr/lib/jvm/java-7-openjdk-amd64/jre/lib/amd64/jli/libjli.so
2ad5c50d1000-2ad5c50d2000 rw-p 0000d000 08:01 431003                     /usr/lib/jvm/java-7-openjdk-amd64/jre/lib/amd64/jli/libjli.so
2ad5c50d2000-2ad5c528d000 r-xp 00000000 08:01 138485                     /lib/x86_64-linux-gnu/libc-2.19.so
2ad5c528d000-2ad5c548c000 ---p 001bb000 08:01 138485                     /lib/x86_64-linux-gnu/libc-2.19.so
2ad5c548c000-2ad5c5490000 r--p 001ba000 08:01 138485                     /lib/x86_64-linux-gnu/libc-2.19.so
2ad5c5490000-2ad5c5492000 rw-p 001be000 08:01 138485                     /lib/x86_64-linux-gnu/libc-2.19.so
2ad5c5492000-2ad5c5497000 rw-p 00000000 00:00 0 
2ad5c5497000-2ad5c549a000 r-xp 00000000 08:01 138502                     /lib/x86_64-linux-gnu/libdl-2.19.so
2ad5c549a000-2ad5c5699000 ---p 00003000 08:01 138502                     /lib/x86_64-linux-gnu/libdl-2.19.so
2ad5c5699000-2ad5c569a000 r--p 00002000 08:01 138502                     /lib/x86_64-linux-gnu/libdl-2.19.so
2ad5c569a000-2ad5c569b000 rw-p 00003000 08:01 138502                     /lib/x86_64-linux-gnu/libdl-2.19.so
2ad5c569b000-2ad5c56b4000 r-xp 00000000 08:01 138605                     /lib/x86_64-linux-gnu/libpthread-2.19.so
2ad5c56b4000-2ad5c58b3000 ---p 00019000 08:01 138605                     /lib/x86_64-linux-gnu/libpthread-2.19.so
2ad5c58b3000-2ad5c58b4000 r--p 00018000 08:01 138605                     /lib/x86_64-linux-gnu/libpthread-2.19.so
2ad5c58b4000-2ad5c58b5000 rw-p 00019000 08:01 138605                     /lib/x86_64-linux-gnu/libpthread-2.19.so
2ad5c58b5000-2ad5c58b9000 rw-p 00000000 00:00 0 
2ad5c58b9000-2ad5c58d1000 r-xp 00000000 08:01 138648                     /lib/x86_64-linux-gnu/libz.so.1.2.8
2ad5c58d1000-2ad5c5ad0000 ---p 00018000 08:01 138648                     /lib/x86_64-linux-gnu/libz.so.1.2.8
2ad5c5ad0000-2ad5c5ad1000 r--p 00017000 08:01 138648                     /lib/x86_64-linux-gnu/libz.so.1.2.8
2ad5c5ad1000-2ad5c5ad2000 rw-p 00018000 08:01 138648                     /lib/x86_64-linux-gnu/libz.so.1.2.8
2ad5c5ad2000-2ad5c65f7000 r-xp 00000000 08:01 431009                     /usr/lib/jvm/java-7-openjdk-amd64/jre/lib/amd64/server/libjvm.so
2ad5c65f7000-2ad5c67f7000 ---p 00b25000 08:01 431009                     /usr/lib/jvm/java-7-openjdk-amd64/jre/lib/amd64/server/libjvm.so
2ad5c67f7000-2ad5c6891000 r--p 00b25000 08:01 431009                     /usr/lib/jvm/java-7-openjdk-amd64/jre/lib/amd64/server/libjvm.so
2ad5c6891000-2ad5c68b4000 rw-p 00bbf000 08:01 431009                     /usr/lib/jvm/java-7-openjdk-amd64/jre/lib/amd64/server/libjvm.so
2ad5c68b4000-2ad5c68e2000 rw-p 00000000 00:00 0 
2ad5c68e2000-2ad5c69c8000 r-xp 00000000 08:01 272177                     /usr/lib/x86_64-linux-gnu/libstdc++.so.6.0.19
2ad5c69c8000-2ad5c6bc7000 ---p 000e6000 08:01 272177                     /usr/lib/x86_64-linux-gnu/libstdc++.so.6.0.19
2ad5c6bc7000-2ad5c6bcf000 r--p 000e5000 08:01 272177                     /usr/lib/x86_64-linux-gnu/libstdc++.so.6.0.19
2ad5c6bcf000-2ad5c6bd1000 rw-p 000ed000 08:01 272177                     /usr/lib/x86_64-linux-gnu/libstdc++.so.6.0.19
2ad5c6bd1000-2ad5c6be6000 rw-p 00000000 00:00 0 
2ad5c6be6000-2ad5c6ceb000 r-xp 00000000 08:01 138535                     /lib/x86_64-linux-gnu/libm-2.19.so
2ad5c6ceb000-2ad5c6eea000 ---p 00105000 08:01 138535                     /lib/x86_64-linux-gnu/libm-2.19.so
2ad5c6eea000-2ad5c6eeb000 r--p 00104000 08:01 138535                     /lib/x86_64-linux-gnu/libm-2.19.so
2ad5c6eeb000-2ad5c6eec000 rw-p 00105000 08:01 138535                     /lib/x86_64-linux-gnu/libm-2.19.so
2ad5c6eec000-2ad5c6f02000 r-xp 00000000 08:01 138512                     /lib/x86_64-linux-gnu/libgcc_s.so.1
2ad5c6f02000-2ad5c7101000 ---p 00016000 08:01 138512                     /lib/x86_64-linux-gnu/libgcc_s.so.1
2ad5c7101000-2ad5c7102000 rw-p 00015000 08:01 138512                     /lib/x86_64-linux-gnu/libgcc_s.so.1
2ad5c7102000-2ad5c7109000 r-xp 00000000 08:01 138613                     /lib/x86_64-linux-gnu/librt-2.19.so
2ad5c7109000-2ad5c7308000 ---p 00007000 08:01 138613                     /lib/x86_64-linux-gnu/librt-2.19.so
2ad5c7308000-2ad5c7309000 r--p 00006000 08:01 138613                     /lib/x86_64-linux-gnu/librt-2.19.so
2ad5c7309000-2ad5c730a000 rw-p 00007000 08:01 138613                     /lib/x86_64-linux-gnu/librt-2.19.so
2ad5c730a000-2ad5c731a000 r-xp 00000000 08:01 431016                     /usr/lib/jvm/java-7-openjdk-amd64/jre/lib/amd64/libverify.so
2ad5c731a000-2ad5c7519000 ---p 00010000 08:01 431016                     /usr/lib/jvm/java-7-openjdk-amd64/jre/lib/amd64/libverify.so
2ad5c7519000-2ad5c751b000 r--p 0000f000 08:01 431016                     /usr/lib/jvm/java-7-openjdk-amd64/jre/lib/amd64/libverify.so
2ad5c751b000-2ad5c751c000 rw-p 00011000 08:01 431016                     /usr/lib/jvm/java-7-openjdk-amd64/jre/lib/amd64/libverify.so
2ad5c751c000-2ad5c7547000 r-xp 00000000 08:01 431045                     /usr/lib/jvm/java-7-openjdk-amd64/jre/lib/amd64/libjava.so
2ad5c7547000-2ad5c7747000 ---p 0002b000 08:01 431045                     /usr/lib/jvm/java-7-openjdk-amd64/jre/lib/amd64/libjava.so
2ad5c7747000-2ad5c7748000 r--p 0002b000 08:01 431045                     /usr/lib/jvm/java-7-openjdk-amd64/jre/lib/amd64/libjava.so
2ad5c7748000-2ad5c774a000 rw-p 0002c000 08:01 431045                     /usr/lib/jvm/java-7-openjdk-amd64/jre/lib/amd64/libjava.so
2ad5c774a000-2ad5c7753000 r-xp 00000000 08:01 138556                     /lib/x86_64-linux-gnu/libnss_compat-2.19.so
2ad5c7753000-2ad5c7952000 ---p 00009000 08:01 138556                     /lib/x86_64-linux-gnu/libnss_compat-2.19.so
2ad5c7952000-2ad5c7953000 r--p 00008000 08:01 138556                     /lib/x86_64-linux-gnu/libnss_compat-2.19.so
2ad5c7953000-2ad5c7954000 rw-p 00009000 08:01 138556                     /lib/x86_64-linux-gnu/libnss_compat-2.19.so
2ad5c7954000-2ad5c796b000 r-xp 00000000 08:01 138554                     /lib/x86_64-linux-gnu/libnsl-2.19.so
2ad5c796b000-2ad5c7b6a000 ---p 00017000 08:01 138554                     /lib/x86_64-linux-gnu/libnsl-2.19.so
2ad5c7b6a000-2ad5c7b6b000 r--p 00016000 08:01 138554                     /lib/x86_64-linux-gnu/libnsl-2.19.so
2ad5c7b6b000-2ad5c7b6c000 rw-p 00017000 08:01 138554                     /lib/x86_64-linux-gnu/libnsl-2.19.so
2ad5c7b6c000-2ad5c7b6e000 rw-p 00000000 00:00 0 
2ad5c7b6e000-2ad5c7b79000 r-xp 00000000 08:01 138570                     /lib/x86_64-linux-gnu/libnss_nis-2.19.so
2ad5c7b79000-2ad5c7d78000 ---p 0000b000 08:01 138570                     /lib/x86_64-linux-gnu/libnss_nis-2.19.so
2ad5c7d78000-2ad5c7d79000 r--p 0000a000 08:01 138570                     /lib/x86_64-linux-gnu/libnss_nis-2.19.so
2ad5c7d79000-2ad5c7d7a000 rw-p 0000b000 08:01 138570                     /lib/x86_64-linux-gnu/libnss_nis-2.19.so
2ad5c7d7a000-2ad5c7d85000 r-xp 00000000 08:01 138560                     /lib/x86_64-linux-gnu/libnss_files-2.19.so
2ad5c7d85000-2ad5c7f84000 ---p 0000b000 08:01 138560                     /lib/x86_64-linux-gnu/libnss_files-2.19.so
2ad5c7f84000-2ad5c7f85000 r--p 0000a000 08:01 138560                     /lib/x86_64-linux-gnu/libnss_files-2.19.so
2ad5c7f85000-2ad5c7f86000 rw-p 0000b000 08:01 138560                     /lib/x86_64-linux-gnu/libnss_files-2.19.so
2ad5c8000000-2ad5c8024000 rw-p 00000000 00:00 0 
2ad5c8024000-2ad5cc000000 ---p 00000000 00:00 0 
2ad5cc000000-2ad5cc008000 r-xp 00000000 08:01 431008                     /usr/lib/jvm/java-7-openjdk-amd64/jre/lib/amd64/libzip.so
2ad5cc008000-2ad5cc207000 ---p 00008000 08:01 431008                     /usr/lib/jvm/java-7-openjdk-amd64/jre/lib/amd64/libzip.so
2ad5cc207000-2ad5cc208000 r--p 00007000 08:01 431008                     /usr/lib/jvm/java-7-openjdk-amd64/jre/lib/amd64/libzip.so
2ad5cc208000-2ad5cc209000 rw-p 00008000 08:01 431008                     /usr/lib/jvm/java-7-openjdk-amd64/jre/lib/amd64/libzip.so
2ad5cc209000-2ad5cc479000 rwxp 00000000 00:00 0 
2ad5cc479000-2ad5dc209000 rw-p 00000000 00:00 0 
2ad5dc209000-2ad5dc213000 rw-p 00000000 00:00 0 
2ad5dc213000-2ad5dc609000 rw-p 00000000 00:00 0 
2ad5dc609000-2ad5dc75f000 rw-p 00000000 00:00 0 
2ad5dc75f000-2ad5dcb09000 rw-p 00000000 00:00 0 
2ad5dcb09000-2ad5dcb0a000 rw-p 00000000 00:00 0 
7ffc08b4b000-7ffc08b6c000 rw-p 00000000 00:00 0                          [stack]
7ffc08bef000-7ffc08bf1000 r--p 00000000 00:00 0                          [vvar]
7ffc08bf1000-7ffc08bf3000 r-xp 00000000 00:00 0                          [vdso]
ffffffffff600000-ffffffffff601000 r-xp 00000000 00:00 0                  [vsyscall]

VM Arguments:
jvm_args: -Xms2048m -Xmx2048m -XX:MaxPermSize=512m -XX:ReservedCodeCacheSize=256m 
java_command: build/sbt-launch-0.13.6.jar compile
Launcher Type: SUN_STANDARD

Environment Variables:
PATH=/usr/local/sbin:/usr/local/bin:/usr/sbin:/usr/bin:/sbin:/bin:/usr/games:/usr/local/games
SHELL=/bin/bash
DISPLAY=:0

Signal Handlers:
SIGSEGV: [libjvm.so+0x955bc0], sa_mask[0]=0x7ffbfeff, sa_flags=0x10000004
SIGBUS: [libjvm.so+0x955bc0], sa_mask[0]=0x7ffbfeff, sa_flags=0x10000004
SIGFPE: [libjvm.so+0x7caff0], sa_mask[0]=0x7ffbfeff, sa_flags=0x10000004
SIGPIPE: [libjvm.so+0x7caff0], sa_mask[0]=0x7ffbfeff, sa_flags=0x10000004
SIGXFSZ: [libjvm.so+0x7caff0], sa_mask[0]=0x7ffbfeff, sa_flags=0x10000004
SIGILL: [libjvm.so+0x7caff0], sa_mask[0]=0x7ffbfeff, sa_flags=0x10000004
SIGUSR1: SIG_DFL, sa_mask[0]=0x00000000, sa_flags=0x00000000
SIGUSR2: [libjvm.so+0x7cae90], sa_mask[0]=0x00000000, sa_flags=0x10000004
SIGHUP: SIG_DFL, sa_mask[0]=0x00000000, sa_flags=0x00000000
SIGINT: SIG_DFL, sa_mask[0]=0x00000000, sa_flags=0x00000000
SIGTERM: SIG_DFL, sa_mask[0]=0x00000000, sa_flags=0x00000000
SIGQUIT: SIG_DFL, sa_mask[0]=0x00000000, sa_flags=0x00000000
SIGTRAP: SIG_DFL, sa_mask[0]=0x00000000, sa_flags=0x00000000


---------------  S Y S T E M  ---------------

OS:Ubuntu 14.04 (trusty)
uname:Linux 3.19.0-30-generic #34~14.04.1-Ubuntu SMP Fri Oct 2 22:09:39 UTC 2015 x86_64
libc:glibc 2.19 NPTL 2.19 
rlimit: STACK infinity, CORE 0k, NPROC 2881, NOFILE 4096, AS infinity
load average:0.13 0.15 0.36

/proc/meminfo:
MemTotal:         759000 kB
MemFree:           80516 kB
MemAvailable:     320276 kB
Buffers:           30160 kB
Cached:           270104 kB
SwapCached:        25908 kB
Active:           260460 kB
Inactive:         284488 kB
Active(anon):     108400 kB
Inactive(anon):   137272 kB
Active(file):     152060 kB
Inactive(file):   147216 kB
Unevictable:          32 kB
Mlocked:              32 kB
SwapTotal:        784380 kB
SwapFree:         504360 kB
Dirty:                92 kB
Writeback:             0 kB
AnonPages:        238276 kB
Mapped:            75964 kB
Shmem:               964 kB
Slab:              89756 kB
SReclaimable:      68920 kB
SUnreclaim:        20836 kB
KernelStack:        5488 kB
PageTables:        24488 kB
NFS_Unstable:          0 kB
Bounce:                0 kB
WritebackTmp:          0 kB
CommitLimit:     1163880 kB
Committed_AS:    3561688 kB
VmallocTotal:   34359738367 kB
VmallocUsed:       23160 kB
VmallocChunk:   34359711576 kB
HardwareCorrupted:     0 kB
AnonHugePages:    116736 kB
CmaTotal:              0 kB
CmaFree:               0 kB
HugePages_Total:       0
HugePages_Free:        0
HugePages_Rsvd:        0
HugePages_Surp:        0
Hugepagesize:       2048 kB
DirectMap4k:       85952 kB
DirectMap2M:      700416 kB


CPU:total 1 (1 cores per cpu, 1 threads per core) family 6 model 58 stepping 9, cmov, cx8, fxsr, mmx, sse, sse2, sse3, ssse3, sse4.1, sse4.2, popcnt, avx, aes, tsc, tscinvbit, tscinv

/proc/cpuinfo:
processor	: 0
vendor_id	: GenuineIntel
cpu family	: 6
model		: 58
model name	: Intel(R) Core(TM) i7-3630QM CPU @ 2.40GHz
stepping	: 9
microcode	: 0x19
cpu MHz		: 2394.574
cache size	: 6144 KB
physical id	: 0
siblings	: 1
core id		: 0
cpu cores	: 1
apicid		: 0
initial apicid	: 0
fpu		: yes
fpu_exception	: yes
cpuid level	: 13
wp		: yes
flags		: fpu vme de pse tsc msr pae mce cx8 apic sep mtrr pge mca cmov pat pse36 clflush mmx fxsr sse sse2 syscall nx rdtscp lm constant_tsc rep_good nopl xtopology nonstop_tsc pni pclmulqdq monitor ssse3 cx16 sse4_1 sse4_2 popcnt aes xsave avx rdrand hypervisor lahf_lm
bugs		:
bogomips	: 4789.14
clflush size	: 64
cache_alignment	: 64
address sizes	: 36 bits physical, 48 bits virtual
power management:



Memory: 4k page, physical 759000k(80516k free), swap 784380k(504360k free)

vm_info: OpenJDK 64-Bit Server VM (24.95-b01) for linux-amd64 JRE (1.7.0_95-b00), built on Jan 21 2016 03:31:40 by "buildd" with gcc 4.8.4

time: Sat Feb 27 16:43:09 2016
elapsed time: 0 seconds

